<?xml version="1.0" encoding="UTF-8"?>
<testng-results ignored="0" total="2" passed="2" failed="0" skipped="0">
  <reporter-output>
  </reporter-output>
  <suite started-at="2020-02-21T12:37:10 ACDT" name="inetBankingV1" finished-at="2020-02-21T12:37:51 ACDT" duration-ms="40755">
    <groups>
    </groups>
    <test started-at="2020-02-21T12:37:10 ACDT" name="Test" finished-at="2020-02-21T12:37:51 ACDT" duration-ms="40755">
      <class name="com.inetbanking.testCases.TC_LoginTest__001">
        <test-method is-config="true" signature="setup(java.lang.String)[pri:0, instance:com.inetbanking.testCases.TC_LoginTest__001@292b08d6]" started-at="2020-02-21T12:37:10 ACDT" name="setup" finished-at="2020-02-21T12:37:20 ACDT" duration-ms="9929" status="PASS">
          <params>
            <param index="0">
              <value>
                <![CDATA[chrome]]>
              </value>
            </param>
          </params>
          <reporter-output>
          </reporter-output>
        </test-method> <!-- setup -->
        <test-method signature="loginTest()[pri:0, instance:com.inetbanking.testCases.TC_LoginTest__001@292b08d6]" started-at="2020-02-21T12:37:20 ACDT" name="loginTest" finished-at="2020-02-21T12:37:24 ACDT" duration-ms="3802" status="PASS">
          <reporter-output>
          </reporter-output>
        </test-method> <!-- loginTest -->
        <test-method is-config="true" signature="tearDown()[pri:0, instance:com.inetbanking.testCases.TC_LoginTest__001@292b08d6]" started-at="2020-02-21T12:37:24 ACDT" name="tearDown" finished-at="2020-02-21T12:37:25 ACDT" duration-ms="640" status="PASS">
          <reporter-output>
          </reporter-output>
        </test-method> <!-- tearDown -->
      </class> <!-- com.inetbanking.testCases.TC_LoginTest__001 -->
      <class name="com.inetbanking.testCases.TC_AddCustomerTest_003">
        <test-method is-config="true" signature="setup(java.lang.String)[pri:0, instance:com.inetbanking.testCases.TC_AddCustomerTest_003@22555ebf]" started-at="2020-02-21T12:37:25 ACDT" name="setup" finished-at="2020-02-21T12:37:34 ACDT" duration-ms="9144" status="PASS">
          <params>
            <param index="0">
              <value>
                <![CDATA[chrome]]>
              </value>
            </param>
          </params>
          <reporter-output>
          </reporter-output>
        </test-method> <!-- setup -->
        <test-method signature="addNewCustomer()[pri:0, instance:com.inetbanking.testCases.TC_AddCustomerTest_003@22555ebf]" started-at="2020-02-21T12:37:34 ACDT" name="addNewCustomer" finished-at="2020-02-21T12:37:50 ACDT" duration-ms="16403" status="PASS">
          <reporter-output>
          </reporter-output>
        </test-method> <!-- addNewCustomer -->
        <test-method is-config="true" signature="tearDown()[pri:0, instance:com.inetbanking.testCases.TC_AddCustomerTest_003@22555ebf]" started-at="2020-02-21T12:37:50 ACDT" name="tearDown" finished-at="2020-02-21T12:37:51 ACDT" duration-ms="633" status="PASS">
          <reporter-output>
          </reporter-output>
        </test-method> <!-- tearDown -->
      </class> <!-- com.inetbanking.testCases.TC_AddCustomerTest_003 -->
    </test> <!-- Test -->
  </suite> <!-- inetBankingV1 -->
</testng-results>
